c:\users\billhao\documents\visual studio 2013\projects\client\client\debug\client.pch
c:\users\billhao\documents\visual studio 2013\projects\client\client\debug\vc120.pdb
c:\users\billhao\documents\visual studio 2013\projects\client\client\debug\vc120.idb
c:\users\billhao\documents\visual studio 2013\projects\client\client\debug\stdafx.obj
c:\users\billhao\documents\visual studio 2013\projects\client\client\debug\clientview.obj
c:\users\billhao\documents\visual studio 2013\projects\client\client\debug\client.obj
c:\users\billhao\documents\visual studio 2013\projects\client\client\debug\clientmodel.obj
c:\users\billhao\documents\visual studio 2013\projects\client\client\debug\clinetpresenter.obj
c:\users\billhao\documents\visual studio 2013\projects\client\client\debug\clientpresenter.obj
c:\users\billhao\documents\visual studio 2013\projects\client\client\debug\clientview_clientpresenter.obj
c:\users\billhao\documents\visual studio 2013\projects\client\client\debug\cdragedit.obj
c:\users\billhao\documents\visual studio 2013\projects\client\client\debug\dragedit.obj
c:\users\billhao\documents\visual studio 2013\projects\client\client\debug\packet.pb.obj
c:\users\billhao\documents\visual studio 2013\projects\client\debug\client.ilk
c:\users\billhao\documents\visual studio 2013\projects\client\debug\client.exe
c:\users\billhao\documents\visual studio 2013\projects\client\debug\client.pdb
c:\users\billhao\documents\visual studio 2013\projects\client\client\debug\client.res
c:\users\billhao\documents\visual studio 2013\projects\client\client\debug\client.tlog\cl.command.1.tlog
c:\users\billhao\documents\visual studio 2013\projects\client\client\debug\client.tlog\cl.read.1.tlog
c:\users\billhao\documents\visual studio 2013\projects\client\client\debug\client.tlog\cl.write.1.tlog
c:\users\billhao\documents\visual studio 2013\projects\client\client\debug\client.tlog\link.command.1.tlog
c:\users\billhao\documents\visual studio 2013\projects\client\client\debug\client.tlog\link.read.1.tlog
c:\users\billhao\documents\visual studio 2013\projects\client\client\debug\client.tlog\link.write.1.tlog
c:\users\billhao\documents\visual studio 2013\projects\client\client\debug\client.tlog\rc.command.1.tlog
c:\users\billhao\documents\visual studio 2013\projects\client\client\debug\client.tlog\rc.read.1.tlog
c:\users\billhao\documents\visual studio 2013\projects\client\client\debug\client.tlog\rc.write.1.tlog
