生成启动时间为 2020/7/27 15:08:44。
     1>项目“C:\Users\billhao\Desktop\Demo1-billhao\源码\Demo1\Client\Client.vcxproj”在节点 2 上(Build 个目标)。
     1>ClCompile:
         C:\Program Files (x86)\Microsoft Visual Studio 12.0\VC\bin\CL.exe /c /ZI /nologo /W3 /WX- /sdl- /Od /Oy- /D WIN32 /D _WINDOWS /D _DEBUG /D _UNICODE /D UNICODE /Gm /EHsc /RTC1 /MTd /GS /fp:precise /Zc:wchar_t /Zc:forScope /Yc"stdafx.h" /Fp"Debug\Client.pch" /Fo"Debug\\" /Fd"Debug\vc120.pdb" /FR"Debug\\" /Gd /TP /analyze- /errorReport:prompt stdafx.cpp
         stdafx.cpp
         C:\Program Files (x86)\Microsoft Visual Studio 12.0\VC\bin\CL.exe /c /ZI /nologo /W3 /WX- /sdl- /Od /Oy- /D WIN32 /D _WINDOWS /D _DEBUG /D _UNICODE /D UNICODE /Gm /EHsc /RTC1 /MTd /GS /fp:precise /Zc:wchar_t /Zc:forScope /Yu"stdafx.h" /Fp"Debug\Client.pch" /Fo"Debug\\" /Fd"Debug\vc120.pdb" /FR"Debug\\" /Gd /TP /analyze- /errorReport:prompt Client.cpp ClientModel.cpp DragEdit.cpp ClientView_ClientPresenter.cpp
         ClientView_ClientPresenter.cpp
         DragEdit.cpp
         ClientModel.cpp
     1>c:\users\billhao\desktop\demo1-billhao\源码\demo1\client\clientmodel.cpp(69): warning C4996: 'fopen': This function or variable may be unsafe. Consider using fopen_s instead. To disable deprecation, use _CRT_SECURE_NO_WARNINGS. See online help for details.
                 c:\program files (x86)\microsoft visual studio 12.0\vc\include\stdio.h(211) : 参见“fopen”的声明
     1>c:\users\billhao\desktop\demo1-billhao\源码\demo1\client\clientmodel.cpp(90): warning C4996: '_splitpath': This function or variable may be unsafe. Consider using _splitpath_s instead. To disable deprecation, use _CRT_SECURE_NO_WARNINGS. See online help for details.
                 c:\program files (x86)\microsoft visual studio 12.0\vc\include\stdlib.h(854) : 参见“_splitpath”的声明
     1>c:\users\billhao\desktop\demo1-billhao\源码\demo1\client\clientmodel.cpp(93): warning C4996: 'fopen': This function or variable may be unsafe. Consider using fopen_s instead. To disable deprecation, use _CRT_SECURE_NO_WARNINGS. See online help for details.
                 c:\program files (x86)\microsoft visual studio 12.0\vc\include\stdio.h(211) : 参见“fopen”的声明
         Client.cpp
         正在生成代码...
       ResourceCompile:
         C:\Program Files (x86)\Windows Kits\8.1\bin\x86\rc.exe /D _DEBUG /D _UNICODE /D UNICODE /l"0x0804" /IDebug\ /nologo /fo"Debug\Client.res" Client.rc 
       Link:
         C:\Program Files (x86)\Microsoft Visual Studio 12.0\VC\bin\link.exe /ERRORREPORT:PROMPT /OUT:"C:\Users\billhao\Desktop\Demo1-billhao\源码\Demo1\Debug\Client.exe" /INCREMENTAL /NOLOGO /MANIFEST /MANIFESTUAC:"level='asInvoker' uiAccess='false'" /manifest:embed /manifestinput:"C:\Program Files (x86)\Microsoft Visual Studio 12.0\VC\Include\Manifest\dpiaware.manifest" /DEBUG /PDB:"C:\Users\billhao\Desktop\Demo1-billhao\源码\Demo1\Debug\Client.pdb" /SUBSYSTEM:WINDOWS /TLBID:1 /ENTRY:"wWinMainCRTStartup" /DYNAMICBASE /NXCOMPAT /IMPLIB:"C:\Users\billhao\Desktop\Demo1-billhao\源码\Demo1\Debug\Client.lib" /MACHINE:X86 Debug\Client.res
         Debug\Client.obj
         Debug\ClientModel.obj
         Debug\DragEdit.obj
         Debug\stdafx.obj
         Debug\ClientView_ClientPresenter.obj
         Client.vcxproj -> C:\Users\billhao\Desktop\Demo1-billhao\源码\Demo1\Debug\Client.exe
       BscMake:
         C:\Program Files (x86)\Microsoft Visual Studio 12.0\VC\bin\bscmake.exe /nologo /o"C:\Users\billhao\Desktop\Demo1-billhao\源码\Demo1\Debug\Client.bsc" /n Debug\Client.sbr Debug\ClientModel.sbr Debug\DragEdit.sbr Debug\stdafx.sbr Debug\ClientView_ClientPresenter.sbr
     1>已完成生成项目“C:\Users\billhao\Desktop\Demo1-billhao\源码\Demo1\Client\Client.vcxproj”(Build 个目标)的操作。

生成成功。

已用时间 00:00:11.58
